<?xml version="1.0" encoding="UTF-8"?>
<!-- Generated by org.testng.reporters.JUnitReportReporter -->
<testsuite hostname="DESKTOP-B0FUOH4" failures="0" tests="1" name="IntegrateAPIwithFCTG" time="2.569" errors="0" timestamp="2024-08-27T17:25:08 AEST" skipped="0">
  <testcase classname="IntegrateAPIwithFCTG" name="verifyGetMethod" time="2.569"/>
</testsuite> <!-- IntegrateAPIwithFCTG -->
