<?xml version="1.0" encoding="UTF-8"?>
<!-- Generated by org.testng.reporters.JUnitReportReporter -->
<testsuite hostname="DESKTOP-B0FUOH4" failures="0" tests="2" name="IntegrateAPIwithFCTG" time="5.361" errors="0" timestamp="2024-08-28T14:58:16 AEST" skipped="0">
  <testcase classname="IntegrateAPIwithFCTG" name="verifyGetMethod" time="5.287"/>
  <testcase classname="IntegrateAPIwithFCTG" name="verifyResBody" time="0.074"/>
</testsuite> <!-- IntegrateAPIwithFCTG -->
